<?xml version="1.0" encoding="UTF-8"?>
<!-- Generated by org.testng.reporters.JUnitXMLReporter -->
<testsuite ignored="1" hostname="Rinaldo" failures="0" tests="1" name="Test" time="10.117" errors="0" timestamp="2023-11-20T17:09:32 IST">
  <testcase classname="com.mystore.testcases.RegisterTest" name="RegisterWithExistingUser" time="6.147"/>
  <testcase classname="com.mystore.testcases.RegisterTest" name="RegisterNewUser" time="0.0">
    <ignored/>
  </testcase> <!-- RegisterNewUser -->
</testsuite> <!-- Test -->
