<?xml version="1.0" encoding="UTF-8"?>
<testng-results ignored="0" total="2" passed="2" failed="0" skipped="0">
  <reporter-output>
  </reporter-output>
  <suite started-at="2023-11-18T17:04:42 IST" name="LoginTest" finished-at="2023-11-18T17:04:56 IST" duration-ms="13605">
    <groups>
    </groups>
    <test started-at="2023-11-18T17:04:42 IST" name="LoginTestCases" finished-at="2023-11-18T17:04:56 IST" duration-ms="13605">
      <class name="com.mystore.testcases.LoginTest">
        <test-method is-config="true" signature="loadConfig()[pri:0, instance:com.mystore.testcases.LoginTest@53aac487]" started-at="2023-11-18T17:04:42 IST" name="loadConfig" finished-at="2023-11-18T17:04:42 IST" duration-ms="12" status="PASS">
          <reporter-output>
          </reporter-output>
        </test-method> <!-- loadConfig -->
        <test-method is-config="true" signature="launchAppTest()[pri:0, instance:com.mystore.testcases.LoginTest@53aac487]" started-at="2023-11-18T17:04:42 IST" name="launchAppTest" finished-at="2023-11-18T17:04:47 IST" duration-ms="4780" status="PASS">
          <reporter-output>
          </reporter-output>
        </test-method> <!-- launchAppTest -->
        <test-method is-config="true" signature="launchAppTest()[pri:0, instance:com.mystore.testcases.LoginTest@53aac487]" started-at="2023-11-18T17:04:42 IST" name="launchAppTest" finished-at="2023-11-18T17:04:47 IST" duration-ms="4782" status="PASS">
          <reporter-output>
          </reporter-output>
        </test-method> <!-- launchAppTest -->
        <test-method signature="loginTestWithValidCreds()[pri:0, instance:com.mystore.testcases.LoginTest@53aac487]" started-at="2023-11-18T17:04:47 IST" name="loginTestWithValidCreds" finished-at="2023-11-18T17:04:56 IST" duration-ms="8787" status="PASS">
          <reporter-output>
          </reporter-output>
        </test-method> <!-- loginTestWithValidCreds -->
        <test-method signature="loginTestWithInValidCreds()[pri:0, instance:com.mystore.testcases.LoginTest@53aac487]" started-at="2023-11-18T17:04:47 IST" name="loginTestWithInValidCreds" finished-at="2023-11-18T17:04:53 IST" duration-ms="5949" status="PASS">
          <reporter-output>
          </reporter-output>
        </test-method> <!-- loginTestWithInValidCreds -->
        <test-method is-config="true" signature="close()[pri:0, instance:com.mystore.testcases.LoginTest@53aac487]" started-at="2023-11-18T17:04:56 IST" name="close" finished-at="2023-11-18T17:04:56 IST" duration-ms="643" status="PASS">
          <reporter-output>
          </reporter-output>
        </test-method> <!-- close -->
      </class> <!-- com.mystore.testcases.LoginTest -->
    </test> <!-- LoginTestCases -->
  </suite> <!-- LoginTest -->
</testng-results>
