<?xml version="1.0" encoding="UTF-8"?>
<testng-results ignored="0" total="1" passed="1" failed="0" skipped="0">
  <reporter-output>
  </reporter-output>
  <suite started-at="2023-11-29T17:37:08 IST" name="Default suite" finished-at="2023-11-29T17:37:34 IST" duration-ms="25771">
    <groups>
    </groups>
    <test started-at="2023-11-29T17:37:08 IST" name="Default test" finished-at="2023-11-29T17:37:34 IST" duration-ms="25771">
      <class name="com.mystore.testcases.LoginTest">
        <test-method is-config="true" signature="loadConfig()[pri:0, instance:com.mystore.testcases.LoginTest@70e9c95d]" started-at="2023-11-29T17:37:08 IST" name="loadConfig" finished-at="2023-11-29T17:37:08 IST" duration-ms="135" status="PASS">
          <reporter-output>
          </reporter-output>
        </test-method> <!-- loadConfig -->
        <test-method is-config="true" signature="launchAppTest()[pri:0, instance:com.mystore.testcases.LoginTest@70e9c95d]" started-at="2023-11-29T17:37:09 IST" name="launchAppTest" finished-at="2023-11-29T17:37:15 IST" duration-ms="6250" status="PASS">
          <reporter-output>
          </reporter-output>
        </test-method> <!-- launchAppTest -->
        <test-method signature="loginTestWithValidCreds(java.lang.String,java.lang.String)[pri:0, instance:com.mystore.testcases.LoginTest@70e9c95d]" started-at="2023-11-29T17:37:15 IST" name="loginTestWithValidCreds" data-provider="loginData" finished-at="2023-11-29T17:37:34 IST" duration-ms="18590" status="PASS">
          <params>
            <param index="0">
              <value>
                <![CDATA[pankaj@gmail.com]]>
              </value>
            </param>
            <param index="1">
              <value>
                <![CDATA[Pankaj@1998]]>
              </value>
            </param>
          </params>
          <reporter-output>
          </reporter-output>
        </test-method> <!-- loginTestWithValidCreds -->
      </class> <!-- com.mystore.testcases.LoginTest -->
    </test> <!-- Default test -->
  </suite> <!-- Default suite -->
</testng-results>
